2025-04-27 08:00:00 INFO System starting up
2025-04-27 08:00:01 INFO Configuration loaded
2025-04-27 08:00:02 INFO Connecting to API endpoints
2025-04-27 08:00:03 INFO Connected successfully
2025-04-27 08:01:00 INFO RESPONSE_TIME: 0.182
2025-04-27 08:01:10 INFO PROCESS_TIME: 1.25
2025-04-27 08:02:00 INFO Processing batch #1
2025-04-27 08:02:30 WARNING API endpoint #2 slow to respond
2025-04-27 08:02:45 INFO RESPONSE_TIME: 0.311
2025-04-27 08:02:50 INFO PROCESS_TIME: 2.8
2025-04-27 08:03:00 ERROR Database connection timeout
2025-04-27 08:03:15 INFO Retrying connection...
2025-04-27 08:03:30 INFO Connection established
2025-04-27 08:04:00 WARNING Memory usage high
2025-04-27 08:04:30 INFO Processing batch #2
2025-04-27 08:04:45 INFO MEMORY: 512.5
2025-04-27 08:05:00 ERROR API rate limit exceeded
2025-04-27 08:05:20 INFO PROCESS_TIME: 3.45
2025-04-27 08:05:30 INFO Waiting for rate limit reset
2025-04-27 08:06:00 INFO Continuing processing
2025-04-27 08:06:30 INFO RESPONSE_TIME: 0.425
2025-04-27 08:07:00 WARNING Database query took longer than expected
2025-04-27 08:07:30 ERROR Invalid data format received
2025-04-27 08:08:00 INFO Attempting data correction
2025-04-27 08:08:30 INFO Data corrected
2025-04-27 08:08:45 INFO PROCESS_TIME: 1.8
2025-04-27 08:09:00 INFO RESPONSE_TIME: 0.891
2025-04-27 08:10:00 WARNING Potential memory leak detected
2025-04-27 08:10:15 INFO MEMORY: 768.3
2025-04-27 08:10:30 INFO Garbage collection triggered
2025-04-27 08:11:00 INFO Memory usage normalized
2025-04-27 08:11:15 INFO MEMORY: 425.7
2025-04-27 08:11:30 INFO RESPONSE_TIME: 0.524
2025-04-27 08:12:00 ERROR Unexpected API response
2025-04-27 08:12:15 INFO LATENCY: 456
2025-04-27 08:12:30 INFO Fallback procedure initiated
2025-04-27 08:12:40 INFO PROCESS_TIME: 4.2
2025-04-27 08:13:00 INFO RESPONSE_TIME: 0.633
2025-04-27 08:13:45 INFO STATUS: 200
2025-04-27 08:14:00 WARNING Network latency increasing
2025-04-27 08:14:15 INFO LATENCY: 782
2025-04-27 08:15:00 ERROR Connection lost to secondary server
2025-04-27 08:15:20 INFO STATUS: 503
2025-04-27 08:16:00 INFO Reconnecting to secondary server
2025-04-27 08:16:10 INFO PROCESS_TIME: 3.9
2025-04-27 08:17:00 INFO Reconnection successful
2025-04-27 08:17:30 INFO STATUS: 200
2025-04-27 08:18:00 INFO RESPONSE_TIME: 1.215
2025-04-27 08:18:30 ERROR Critical service unavailable
2025-04-27 08:18:45 INFO STATUS: 500
2025-04-27 08:19:00 ERROR Max retry count exceeded
2025-04-27 08:19:30 INFO MEMORY: 1124.6
2025-04-27 08:19:45 INFO PROCESS_TIME: 5.7
2025-04-27 08:20:00 INFO Switching to backup service
2025-04-27 08:20:30 INFO LATENCY: 1250
2025-04-27 08:21:00 INFO Service restored
2025-04-27 08:21:15 INFO STATUS: 200
2025-04-27 08:21:30 INFO MEMORY: 745.2
2025-04-27 08:22:00 INFO RESPONSE_TIME: 0.387
2025-04-27 08:22:30 INFO LATENCY: 178
2025-04-27 08:23:00 INFO System shutting down
2025-04-27 08:23:15 INFO STATUS: 204
2025-04-27 08:23:30 INFO Backup completed
2025-04-27 08:23:45 INFO PROCESS_TIME: 0.85
2025-04-27 08:24:00 INFO Shutdown complete
2025-04-27 08:24:15 INFO MEMORY:
2025-04-27 08:24:30 INFO RESPONSE_TIME: error
2025-04-27 08:24:45 INFO LATENCY: 9999999
2025-04-27 08:25:00 INFO PROCESS_TIME: -0.5
2025-04-27 08:25:15 INFO RESPONSE_TIME: 0.0
2025-04-27 08:25:30 INFO PROCESS_TIME: 0.001
